Build started 2/5/2015 12:50:38 PM.
     1>Project "C:\Users\David\Desktop\UNITY\NetworkTest2\MasterServer\VisualStudio\MasterServer.vcxproj" on node 2 (Build target(s)).
     1>Link:
         C:\Program Files (x86)\Microsoft Visual Studio 12.0\VC\bin\link.exe /ERRORREPORT:PROMPT /OUT:"Debug\MasterServer.exe" /INCREMENTAL /NOLOGO ws2_32.lib kernel32.lib user32.lib gdi32.lib winspool.lib comdlg32.lib advapi32.lib shell32.lib ole32.lib oleaut32.lib uuid.lib odbc32.lib odbccp32.lib /MANIFEST /MANIFESTUAC:"level='asInvoker' uiAccess='false'" /manifest:embed /DEBUG /PDB:"Debug\MasterServer.pdb" /SUBSYSTEM:CONSOLE /TLBID:1 /DYNAMICBASE:NO /IMPLIB:"Debug\MasterServer.lib" /MACHINE:X86 /SAFESEH Debug\Log.obj
         Debug\Utility.obj
         Debug\MasterServer.obj
         Debug\AsynchronousFileIO.obj
         Debug\BigInt.obj
         Debug\BitStream.obj
         Debug\BitStream_NoTemplate.obj
         Debug\CCRakNetUDT.obj
         Debug\CheckSum.obj
         Debug\CommandParserInterface.obj
         Debug\ConnectionGraph.obj
         Debug\ConsoleServer.obj
         Debug\DataBlockEncryptor.obj
         Debug\DataCompressor.obj
         Debug\DirectoryDeltaTransfer.obj
         Debug\DS_BytePool.obj
         Debug\DS_ByteQueue.obj
         Debug\DS_HuffmanEncodingTree.obj
         Debug\DS_Table.obj
         Debug\EmailSender.obj
         Debug\EncodeClassName.obj
         Debug\ExtendedOverlappedPool.obj
         Debug\FileList.obj
         Debug\FileListTransfer.obj
         Debug\FileOperations.obj
         Debug\GetTime.obj
         Debug\gettimeofday.obj
         Debug\Itoa.obj
         Debug\LightweightDatabaseCommon.obj
         Debug\LightweightDatabaseServer.obj
         Debug\LinuxStrings.obj
         Debug\MessageFilter.obj
         Debug\NetworkIDManager.obj
         Debug\PacketFileLogger.obj
         Debug\PacketLogger.obj
         Debug\PluginInterface2.obj
         Debug\RakMemoryOverride.obj
         Debug\RakNetCommandParser.obj
         Debug\RakNetSocket.obj
         Debug\RakNetStatistics.obj
         Debug\RakNetTransport.obj
         Debug\RakNetTypes.obj
         Debug\RakNetworkFactory.obj
         Debug\RakPeer.obj
         Debug\RakSleep.obj
         Debug\RakString.obj
         Debug\RakThread.obj
         Debug\Rand.obj
         Debug\ReliabilityLayer.obj
         Debug\rijndael.obj
         Debug\Router.obj
         Debug\RPCMap.obj
         Debug\RSACrypt.obj
         Debug\SHA1.obj
         Debug\SignaledEvent.obj
         Debug\SimpleMutex.obj
         Debug\SocketLayer.obj
         Debug\StringCompressor.obj
         Debug\StringTable.obj
         Debug\SuperFastHash.obj
         Debug\SystemAddressList.obj
         Debug\TableSerializer.obj
         Debug\TCPInterface.obj
         Debug\ThreadsafePacketLogger.obj
         Debug\WSAStartupSingleton.obj
         Debug\_FindFirst.obj
         LINK : Debug\MasterServer.exe not found or not built by the last incremental link; performing full link
     1>Log.obj : warning LNK4075: ignoring '/EDITANDCONTINUE' due to '/SAFESEH' specification
         MasterServer.vcxproj -> C:\Users\David\Desktop\UNITY\NetworkTest2\MasterServer\VisualStudio\Debug\MasterServer.exe
     1>Done Building Project "C:\Users\David\Desktop\UNITY\NetworkTest2\MasterServer\VisualStudio\MasterServer.vcxproj" (Build target(s)).

Build succeeded.

Time Elapsed 00:00:01.58
